----------------------------------------------------------------------
-- sample.f サンプルプログラム機能付箋
----------------------------------------------------------------------
 0 0 0 0 -- r
=0000: 0000 0000 0000 0000 
 16 -- chsz
=0008: 0010 
 0x10000000L 0x10000000L 0x10FFFFFFL -- colors
=000a: 10000000 10000000 10ffffff 
 4 -- pict
=0016: 0004 
 0x8000 0x7FFF 0x8000 -- apl-id
=0018: 8000 7fff 8000 
 "サンプルプログラム"16 -- name
=001e: 2535 2573 2557 256b 2557 256d 2530 2569 2560 0000 0000 0000 0000 0000 0000 0000 
 "サンプルデータ"16 -- type
=003e: 2535 2573 2557 256b 2547 213c 253f 0000 0000 0000 0000 0000 0000 0000 0000 0000 
 18 -- dlen
=005e: 0012 
 ------ 固有データ ------
 7 -- 背景色マスク
=0060: 0007 
 0x10FFFFFFL -- 背景色
=0062: 10ffffff 
 0 0 320 200 -- ウィンドウ外枠
=0066: 0000 0000 0140 00c8 
 0 0 -- 表示オフセット
=006e: 0000 0000 
----------------------------------------------------------------------
